This is TeX, Version 3.14159 (Web2C 7.4.5) (format=latex 2003.4.9)  4 JUL 2003 08:46
**memoria.tex
(./memoria.tex
LaTeX2e <2001/06/01>
Babel <v3.7h> and hyphenation patterns for american, french, german, ngerman, s
panish, nohyphenation, loaded.
(/usr/share/texmf/tex/latex/base/book.cls
Document Class: book 2001/04/21 v1.4e Standard LaTeX document class
(/usr/share/texmf/tex/latex/base/bk11.clo
File: bk11.clo 2001/04/21 v1.4e Standard LaTeX file (size option)
)
\c@part=\count79
\c@chapter=\count80
\c@section=\count81
\c@subsection=\count82
\c@subsubsection=\count83
\c@paragraph=\count84
\c@subparagraph=\count85
\c@figure=\count86
\c@table=\count87
\abovecaptionskip=\skip41
\belowcaptionskip=\skip42
\bibindent=\dimen102
) (./estilo_pfc.sty
Package: estilo_pfc 

Estilo Proyecto Fin de Carrera
(/usr/share/texmf/tex/latex/base/ifthen.sty
Package: ifthen 2001/05/26 v1.1c Standard LaTeX ifthen package (DPC)
)
(/usr/share/texmf/tex/latex/base/latexsym.sty
Package: latexsym 1998/08/17 v2.2e Standard LaTeX package (lasy symbols)
\symlasy=\mathgroup4
LaTeX Font Info:    Overwriting symbol font `lasy' in version `bold'
(Font)                  U/lasy/m/n --> U/lasy/b/n on input line 42.
)
(/usr/share/texmf/tex/latex/base/inputenc.sty
Package: inputenc 2001/07/10 v0.99a Input encoding file 

(/usr/share/texmf/tex/latex/base/latin1.def
File: latin1.def 2001/07/10 v0.99a Input encoding file 
))
(/usr/share/texmf/tex/generic/babel/babel.sty
Package: babel 2001/03/01 v3.7h The Babel package

(/usr/share/texmf/tex/generic/babel/spanish.ldf
Language: spanish.ldf 2001/01/30 v4.1c Spanish support from the babel system

(/usr/share/texmf/tex/generic/babel/babel.def
File: babel.def 2001/03/01 v3.7h Babel common definitions
\babel@savecnt=\count88
\U@D=\dimen103
)
\es@quottoks=\toks14
\es@quotdepth=\count89
Package babel Info: Making . an active character on input line 464.
Package babel Info: Making " an active character on input line 495.
Package babel Info: Making < an active character on input line 581.
Package babel Info: Making > an active character on input line 582.
))
(/usr/share/texmf/tex/latex/amsmath/amsmath.sty
Package: amsmath 2000/07/18 v2.13 AMS math features
\@mathmargin=\skip43

For additional information on amsmath, use the `?' option.
(/usr/share/texmf/tex/latex/amsmath/amstext.sty
Package: amstext 2000/06/29 v2.01

(/usr/share/texmf/tex/latex/amsmath/amsgen.sty
File: amsgen.sty 1999/11/30 v2.0
\@emptytoks=\toks15
\ex@=\dimen104
))
(/usr/share/texmf/tex/latex/amsmath/amsbsy.sty
Package: amsbsy 1999/11/29 v1.2d
\pmbraise@=\dimen105
)
(/usr/share/texmf/tex/latex/amsmath/amsopn.sty
Package: amsopn 1999/12/14 v2.01 operator names
)
\inf@bad=\count90
LaTeX Info: Redefining \frac on input line 211.
\uproot@=\count91
\leftroot@=\count92
LaTeX Info: Redefining \overline on input line 307.
\classnum@=\count93
\DOTSCASE@=\count94
LaTeX Info: Redefining \ldots on input line 379.
LaTeX Info: Redefining \dots on input line 382.
LaTeX Info: Redefining \cdots on input line 467.
\Mathstrutbox@=\box26
\strutbox@=\box27
\big@size=\dimen106
LaTeX Font Info:    Redeclaring font encoding OML on input line 567.
LaTeX Font Info:    Redeclaring font encoding OMS on input line 568.
\macc@depth=\count95
\c@MaxMatrixCols=\count96
\dotsspace@=\muskip10
\c@parentequation=\count97
\dspbrk@lvl=\count98
\tag@help=\toks16
\row@=\count99
\column@=\count100
\maxfields@=\count101
\andhelp@=\toks17
\eqnshift@=\dimen107
\alignsep@=\dimen108
\tagshift@=\dimen109
\tagwidth@=\dimen110
\totwidth@=\dimen111
\lineht@=\dimen112
\@envbody=\toks18
\multlinegap=\skip44
\multlinetaggap=\skip45
\mathdisplay@stack=\toks19
LaTeX Info: Redefining \[ on input line 2666.
LaTeX Info: Redefining \] on input line 2667.
)
(/usr/share/texmf/tex/latex/amsfonts/amssymb.sty
Package: amssymb 2002/01/22 v2.2d

(/usr/share/texmf/tex/latex/amsfonts/amsfonts.sty
Package: amsfonts 2001/10/25 v2.2f
\symAMSa=\mathgroup5
\symAMSb=\mathgroup6
LaTeX Font Info:    Overwriting math alphabet `\mathfrak' in version `bold'
(Font)                  U/euf/m/n --> U/euf/b/n on input line 132.
))
(/usr/share/texmf/tex/latex/graphics/graphicx.sty
Package: graphicx 1999/02/16 v1.0f Enhanced LaTeX Graphics (DPC,SPQR)

(/usr/share/texmf/tex/latex/graphics/keyval.sty
Package: keyval 1999/03/16 v1.13 key=value parser (DPC)
\KV@toks@=\toks20
)
(/usr/share/texmf/tex/latex/graphics/graphics.sty
Package: graphics 2001/07/07 v1.0n Standard LaTeX Graphics (DPC,SPQR)

(/usr/share/texmf/tex/latex/graphics/trig.sty
Package: trig 1999/03/16 v1.09 sin cos tan (DPC)
)
(/usr/share/texmf/tex/latex/config/graphics.cfg
File: graphics.cfg 2001/08/31 v1.1 graphics configuration of teTeX/TeXLive
)
Package graphics Info: Driver file: dvips.def on input line 80.

(/usr/share/texmf/tex/latex/graphics/dvips.def
File: dvips.def 1999/02/16 v3.0i Driver-dependant file (DPC,SPQR)
))
\Gin@req@height=\dimen113
\Gin@req@width=\dimen114
)
(/usr/share/texmf/tex/latex/graphics/color.sty
Package: color 1999/02/16 v1.0i Standard LaTeX Color (DPC)

(/usr/share/texmf/tex/latex/config/color.cfg
File: color.cfg 2001/08/31 v1.1 color configuration of teTeX/TeXLive
)
Package color Info: Driver file: dvips.def on input line 125.

(/usr/share/texmf/tex/latex/graphics/dvipsnam.def
File: dvipsnam.def 1999/02/16 v3.0i Driver-dependant file (DPC,SPQR)
))
(/usr/share/texmf/tex/latex/tools/theorem.sty
Package: theorem 1995/11/23 v2.2c Theorem extension package (FMi)
\theorem@style=\toks21
\theorem@bodyfont=\toks22
\theorempreskipamount=\skip46
\theorempostskipamount=\skip47

(/usr/share/texmf/tex/latex/tools/thp.sty
File: thp.sty 1995/11/23 v2.2c Theorem extension package (FMi)
))
(/usr/share/texmf/tex/latex/minitoc/minitoc.sty
Package: minitoc 2000/12/13 v34 Package minitoc, patched for hyperref

*** minitoc package, version 34 ***
*** patched for hyperref ***
*** part level macros available ***
*** chapter level macros available ***
\tf@mtc=\write3
*** Autoconfiguration of extensions ***
\openout3 = `memoria.mtc1'.

\openout3 = `memoria.mtc'.

(./memoria.mtc1)
\openout3 = `memoria.mtc'.

\openout3 = `memoria.mtc1'.


*** Long extensions (Unix-like) will be used ***
==> this version is configured for UNIX-like (long extensions) file names.
\mtc@toks=\toks23
\mtc@strutbox=\box28
\c@mtc=\count102
\c@minitocdepth=\count103
\mtcindent=\skip48
\c@ptc=\count104
\c@parttocdepth=\count105
\ptcindent=\skip49
(/usr/share/texmf/tex/latex/minitoc/english.mld
File: english.mld 1999/03/16
)
(/usr/share/texmf/tex/latex/minitoc/spanish.mld
File: spanish.mld 1999/03/16
))
(/usr/share/texmf/tex/latex/caption/caption2.sty
Package: caption2 2002/08/03 v2.1 Customising captions (AS)
\captionmargin=\dimen115
\captionwidth=\dimen116
\captionindent=\dimen117
Package caption2 Info: Running in caption2 v2.0 compatibility mode on input lin
e 147.
\captionlinewidth=\dimen118
)
(/usr/share/texmf/tex/latex/misc/setspace.sty
Package: setspace 2000/12/01 6.7 Contributed and Supported LaTeX2e package

Package: `setspace' 6.7 <2000/12/01>
) (/usr/share/texmf/tex/plain/dvips/rotate.tex
\rotdimen=\dimen119
)
(/usr/share/texmf/tex/latex/graphics/epsfig.sty
Package: epsfig 1999/02/16 v1.7a (e)psfig emulation (SPQR)
\epsfxsize=\dimen120
\epsfysize=\dimen121
)
(/usr/share/texmf/tex/latex/misc/wrapfig.sty
\wrapoverhang=\dimen122
\WF@size=\dimen123
\c@WF@wrappedlines=\count106
\WF@box=\box29
\WF@everypar=\toks24
Package: wrapfig 2003/01/31  v 3.6
)
\savepar=\box30
)
(/usr/share/texmf/tex/latex/listings/listings.sty
Package: listings 2002/04/01 1.0 (Carsten Heinz)
\lst@mode=\count107
\lst@gtempboxa=\box31
\lst@token=\toks25
\lst@length=\count108
\lst@currlwidth=\dimen124
\lst@column=\count109
\lst@pos=\count110
\lst@lostspace=\dimen125
\lst@width=\dimen126
\lst@newlines=\count111
\lst@lineno=\count112
\c@lstlisting=\count113
\lst@maxwidth=\dimen127

(/usr/share/texmf/tex/latex/listings/lstpatch.sty
File: lstpatch.sty 2002/10/13 1.0i (Carsten Heinz)
)
(/usr/share/texmf/tex/latex/listings/lstmisc.sty
File: lstmisc.sty 2002/04/01 1.0 (Carsten Heinz)
\c@lstnumber=\count114
\lst@skipnumbers=\count115
\lst@framebox=\box32
)
(/usr/share/texmf/tex/latex/listings/listings.cfg
File: listings.cfg 2002/04/01 v1.0 listings configuration
))
(/usr/share/texmf/tex/latex/listings/lstlang2.sty
File: lstlang2 2002/07/31 v1.0d listings language file
)
(/usr/share/texmf/tex/latex/listings/lstlang1.sty
File: lstlang1 2002/07/31 v1.0d listings language file
)
(/usr/share/texmf/tex/latex/listings/lstmisc.sty
File: lstmisc.sty 2002/04/01 1.0 (Carsten Heinz)
) (./memoria.aux (./portada.aux) (./entrega.aux) (./dedicatoria.aux) (./agradec
imientos.aux) (./resumen.aux)
(./introduccion.aux) (./plan_proyecto.aux) (./analisis_tecnologico.aux)
(./analisis_requisitos.aux) (./diseno.aux) (./implementacion.aux)
(./pruebas.aux) (./conclusiones.aux))
\openout1 = `memoria.aux'.

LaTeX Font Info:    Checking defaults for OML/cmm/m/it on input line 36.
LaTeX Font Info:    ... okay on input line 36.
LaTeX Font Info:    Checking defaults for T1/cmr/m/n on input line 36.
LaTeX Font Info:    ... okay on input line 36.
LaTeX Font Info:    Checking defaults for OT1/cmr/m/n on input line 36.
LaTeX Font Info:    ... okay on input line 36.
LaTeX Font Info:    Checking defaults for OMS/cmsy/m/n on input line 36.
LaTeX Font Info:    ... okay on input line 36.
LaTeX Font Info:    Checking defaults for OMX/cmex/m/n on input line 36.
LaTeX Font Info:    ... okay on input line 36.
LaTeX Font Info:    Checking defaults for U/cmr/m/n on input line 36.
LaTeX Font Info:    ... okay on input line 36.
\openout2 = `portada.aux'.

 (./portada.tex
File: udc_logo.eps Graphic file (type eps)
 <udc_logo.eps> [1



])
\openout2 = `entrega.aux'.


(./entrega.tex [2


]
LaTeX Font Info:    Try loading font information for U+lasy on input line 38.
 (/usr/share/texmf/tex/latex/base/ulasy.fd
File: ulasy.fd 1998/08/17 v2.2e LaTeX symbol font definitions
)
LaTeX Font Info:    Try loading font information for U+msa on input line 38.

(/usr/share/texmf/tex/latex/amsfonts/umsa.fd
File: umsa.fd 2002/01/19 v2.2g AMS font definitions
)
LaTeX Font Info:    Try loading font information for U+msb on input line 38.

(/usr/share/texmf/tex/latex/amsfonts/umsb.fd
File: umsb.fd 2002/01/19 v2.2g AMS font definitions
) [3] [4])
\openout2 = `dedicatoria.aux'.

 (./dedicatoria.tex)
[5


]
\openout2 = `agradecimientos.aux'.

 (./agradecimientos.tex
Underfull \hbox (badness 10000) in paragraph at lines 10--11

 []

) [6


]
\openout2 = `resumen.aux'.

 (./resumen.tex
Underfull \hbox (badness 10000) in paragraph at lines 4--5

 []


Underfull \hbox (badness 10000) in paragraph at lines 6--7

 []


Underfull \hbox (badness 10000) in paragraph at lines 8--9

 []


Underfull \hbox (badness 10000) in paragraph at lines 14--17

 []

[7


] [8])
PREPARING MINITOCS FROM memoria.toc
\openout3 = `memoria.bmt'.

Writing memoria.mtc1
\openout3 = `memoria.mtc1'.

Writing memoria.mtc2
\openout3 = `memoria.mtc2'.

Writing memoria.mtc3
\openout3 = `memoria.mtc3'.

Writing memoria.mtc4
\openout3 = `memoria.mtc4'.

Writing memoria.mtc5
\openout3 = `memoria.mtc5'.

Writing memoria.mtc6
\openout3 = `memoria.mtc6'.

Writing memoria.mtc7
\openout3 = `memoria.mtc7'.

Writing memoria.mtc8
\openout3 = `memoria.mtc8'.

\openout3 = `memoria.bmt'.

(./memoria.toc [1


] [2] [3])
\tf@toc=\write4
\openout4 = `memoria.toc'.

 [4] [5]
\openout2 = `introduccion.aux'.

 (./introduccion.tex
Cap\'{\i }tulo 1.
(./memoria.mtc1) [1




]
Underfull \hbox (badness 10000) in paragraph at lines 9--10

 []


Underfull \hbox (badness 10000) in paragraph at lines 11--12

 []


Underfull \hbox (badness 10000) in paragraph at lines 13--14

 []


Underfull \hbox (badness 10000) in paragraph at lines 15--16

 []

File: integracion_voip.eps Graphic file (type eps)
<integracion_voip.eps>
Underfull \hbox (badness 10000) in paragraph at lines 27--28

 []


Underfull \hbox (badness 10000) has occurred while \output is active

 []


Overfull \hbox (4.86667pt too wide) has occurred while \output is active
 $[]$ 
 []


Overfull \vbox (9.15524pt too high) has occurred while \output is active []


Underfull \hbox (badness 10000) has occurred while \output is active

 []


Overfull \hbox (4.86667pt too wide) has occurred while \output is active
 $[]$ 
 []

[2]
Underfull \hbox (badness 10000) in paragraph at lines 29--30

 []


Underfull \hbox (badness 10000) in paragraph at lines 31--32

 []


Underfull \hbox (badness 10000) has occurred while \output is active

 []


Overfull \hbox (4.86667pt too wide) has occurred while \output is active
 $[]$ 
 []


Overfull \vbox (9.15524pt too high) has occurred while \output is active []


Underfull \hbox (badness 10000) has occurred while \output is active

 []


Overfull \hbox (4.86667pt too wide) has occurred while \output is active
 $[]$ 
 []

[3]
Underfull \hbox (badness 10000) in paragraph at lines 33--34

 []


Underfull \hbox (badness 10000) in paragraph at lines 35--36

 []


Underfull \hbox (badness 10000) in paragraph at lines 37--38

 []

)
Underfull \hbox (badness 10000) has occurred while \output is active

 []


Overfull \hbox (4.86667pt too wide) has occurred while \output is active
 $[]$ 
 []


Overfull \vbox (9.15524pt too high) has occurred while \output is active []


Underfull \hbox (badness 10000) has occurred while \output is active

 []


Overfull \hbox (4.86667pt too wide) has occurred while \output is active
 $[]$ 
 []

[4]
\openout2 = `plan_proyecto.aux'.

 (./plan_proyecto.tex
Cap\'{\i }tulo 2.
(./memoria.mtc2) [5




]
Underfull \hbox (badness 10000) in paragraph at lines 25--27

 []


Underfull \hbox (badness 10000) in paragraph at lines 28--29

 []


Underfull \hbox (badness 10000) has occurred while \output is active

 []


Overfull \hbox (4.86667pt too wide) has occurred while \output is active
 $[]$ 
 []


Overfull \vbox (9.15524pt too high) has occurred while \output is active []


Underfull \hbox (badness 10000) has occurred while \output is active

 []


Overfull \hbox (4.86667pt too wide) has occurred while \output is active
 $[]$ 
 []

[6]
Underfull \hbox (badness 10000) in paragraph at lines 30--31

 []


Underfull \hbox (badness 10000) has occurred while \output is active

 []


Overfull \hbox (4.86667pt too wide) has occurred while \output is active
 $[]$ 
 []


Overfull \vbox (9.15524pt too high) has occurred while \output is active []


Underfull \hbox (badness 10000) has occurred while \output is active

 []


Overfull \hbox (4.86667pt too wide) has occurred while \output is active
 $[]$ 
 []

[7]
Underfull \hbox (badness 10000) has occurred while \output is active

 []


Overfull \hbox (4.86667pt too wide) has occurred while \output is active
 $[]$ 
 []


Overfull \vbox (9.15524pt too high) has occurred while \output is active []


Underfull \hbox (badness 10000) has occurred while \output is active

 []


Overfull \hbox (4.86667pt too wide) has occurred while \output is active
 $[]$ 
 []

[8]
Underfull \hbox (badness 10000) in paragraph at lines 86--87

 []


Underfull \hbox (badness 10000) has occurred while \output is active

 []


Overfull \hbox (4.86667pt too wide) has occurred while \output is active
 $[]$ 
 []


Overfull \vbox (9.15524pt too high) has occurred while \output is active []


Underfull \hbox (badness 10000) has occurred while \output is active

 []


Overfull \hbox (4.86667pt too wide) has occurred while \output is active
 $[]$ 
 []

[9]
Underfull \hbox (badness 10000) has occurred while \output is active

 []


Overfull \hbox (4.86667pt too wide) has occurred while \output is active
 $[]$ 
 []


Overfull \vbox (9.15524pt too high) has occurred while \output is active []


Underfull \hbox (badness 10000) has occurred while \output is active

 []


Overfull \hbox (4.86667pt too wide) has occurred while \output is active
 $[]$ 
 []

[10]
Underfull \hbox (badness 10000) in paragraph at lines 122--123

 []

File: espectativas_voip.eps Graphic file (type eps)
<espectativas_voip.eps>
Underfull \hbox (badness 10000) has occurred while \output is active

 []


Overfull \hbox (4.86667pt too wide) has occurred while \output is active
 $[]$ 
 []


Overfull \vbox (9.15524pt too high) has occurred while \output is active []


Underfull \hbox (badness 10000) has occurred while \output is active

 []


Overfull \hbox (4.86667pt too wide) has occurred while \output is active
 $[]$ 
 []

[11]
Underfull \hbox (badness 10000) in paragraph at lines 151--152

 []


Underfull \hbox (badness 10000) has occurred while \output is active

 []


Overfull \hbox (4.86667pt too wide) has occurred while \output is active
 $[]$ 
 []


Overfull \vbox (9.15524pt too high) has occurred while \output is active []


Underfull \hbox (badness 10000) has occurred while \output is active

 []


Overfull \hbox (4.86667pt too wide) has occurred while \output is active
 $[]$ 
 []

[12]
Underfull \hbox (badness 10000) in paragraph at lines 153--154

 []


Underfull \hbox (badness 10000) in paragraph at lines 155--156

 []


Underfull \hbox (badness 10000) has occurred while \output is active

 []


Overfull \hbox (4.86667pt too wide) has occurred while \output is active
 $[]$ 
 []


Overfull \vbox (9.15524pt too high) has occurred while \output is active []


Underfull \hbox (badness 10000) has occurred while \output is active

 []


Overfull \hbox (4.86667pt too wide) has occurred while \output is active
 $[]$ 
 []

[13]
Underfull \hbox (badness 10000) in paragraph at lines 173--174

 []


Underfull \hbox (badness 10000) has occurred while \output is active

 []


Overfull \hbox (4.86667pt too wide) has occurred while \output is active
 $[]$ 
 []


Overfull \vbox (9.15524pt too high) has occurred while \output is active []


Underfull \hbox (badness 10000) has occurred while \output is active

 []


Overfull \hbox (4.86667pt too wide) has occurred while \output is active
 $[]$ 
 []

[14]
Underfull \hbox (badness 10000) in paragraph at lines 188--189

 []


Underfull \hbox (badness 10000) has occurred while \output is active

 []


Overfull \hbox (4.86667pt too wide) has occurred while \output is active
 $[]$ 
 []


Overfull \vbox (9.15524pt too high) has occurred while \output is active []


Underfull \hbox (badness 10000) has occurred while \output is active

 []


Overfull \hbox (4.86667pt too wide) has occurred while \output is active
 $[]$ 
 []

[15])
Underfull \hbox (badness 10000) has occurred while \output is active

 []


Overfull \hbox (4.86667pt too wide) has occurred while \output is active
 $[]$ 
 []


Overfull \vbox (9.15524pt too high) has occurred while \output is active []


Underfull \hbox (badness 10000) has occurred while \output is active

 []


Overfull \hbox (4.86667pt too wide) has occurred while \output is active
 $[]$ 
 []

[16]
\openout2 = `analisis_tecnologico.aux'.

 (./analisis_tecnologico.tex
Cap\'{\i }tulo 3.
(./memoria.mtc3) [17




]
Underfull \hbox (badness 10000) in paragraph at lines 20--21

 []

File: vibracion_fluido.eps Graphic file (type eps)
<vibracion_fluido.eps>
Underfull \hbox (badness 10000) in paragraph at lines 31--32

 []

File: forma_onda.eps Graphic file (type eps)
<forma_onda.eps>
Underfull \hbox (badness 10000) has occurred while \output is active

 []


Overfull \hbox (4.86667pt too wide) has occurred while \output is active
 $[]$ 
 []


Overfull \vbox (9.15524pt too high) has occurred while \output is active []


Underfull \hbox (badness 10000) has occurred while \output is active

 []


Overfull \hbox (4.86667pt too wide) has occurred while \output is active
 $[]$ 
 []

[18]
Underfull \hbox (badness 10000) in paragraph at lines 41--42

 []


Underfull \hbox (badness 10000) in paragraph at lines 43--44

 []


Underfull \hbox (badness 10000) in paragraph at lines 45--46

 []


Underfull \hbox (badness 10000) has occurred while \output is active

 []


Overfull \hbox (4.86667pt too wide) has occurred while \output is active
 $[]$ 
 []


Overfull \vbox (9.15524pt too high) has occurred while \output is active []


Underfull \hbox (badness 10000) has occurred while \output is active

 []


Overfull \hbox (4.86667pt too wide) has occurred while \output is active
 $[]$ 
 []

[19]
Underfull \hbox (badness 10000) in paragraph at lines 47--48

 []


Underfull \hbox (badness 10000) in paragraph at lines 51--52

 []


Underfull \hbox (badness 10000) has occurred while \output is active

 []


Overfull \hbox (4.86667pt too wide) has occurred while \output is active
 $[]$ 
 []


Overfull \vbox (9.15524pt too high) has occurred while \output is active []


Underfull \hbox (badness 10000) has occurred while \output is active

 []


Overfull \hbox (4.86667pt too wide) has occurred while \output is active
 $[]$ 
 []

[20]
Underfull \hbox (badness 10000) in paragraph at lines 57--59

 []


Underfull \hbox (badness 10000) in paragraph at lines 66--67

 []

File: db_sources.eps Graphic file (type eps)
<db_sources.eps>
Underfull \hbox (badness 10000) has occurred while \output is active

 []


Overfull \hbox (4.86667pt too wide) has occurred while \output is active
 $[]$ 
 []


Overfull \vbox (9.15524pt too high) has occurred while \output is active []


Underfull \hbox (badness 10000) has occurred while \output is active

 []


Overfull \hbox (4.86667pt too wide) has occurred while \output is active
 $[]$ 
 []

[21]
Underfull \hbox (badness 10000) has occurred while \output is active

 []


Overfull \hbox (4.86667pt too wide) has occurred while \output is active
 $[]$ 
 []


Overfull \vbox (9.15524pt too high) has occurred while \output is active []


Underfull \hbox (badness 10000) has occurred while \output is active

 []


Overfull \hbox (4.86667pt too wide) has occurred while \output is active
 $[]$ 
 []

[22]
Underfull \hbox (badness 10000) in paragraph at lines 111--112

 []


Underfull \hbox (badness 10000) in paragraph at lines 113--114

 []


Underfull \hbox (badness 10000) has occurred while \output is active

 []


Overfull \hbox (4.86667pt too wide) has occurred while \output is active
 $[]$ 
 []


Overfull \vbox (9.15524pt too high) has occurred while \output is active []


Underfull \hbox (badness 10000) has occurred while \output is active

 []


Overfull \hbox (4.86667pt too wide) has occurred while \output is active
 $[]$ 
 []

[23]
Underfull \hbox (badness 10000) in paragraph at lines 119--120

 []


Underfull \hbox (badness 10000) in paragraph at lines 121--122

 []


Underfull \hbox (badness 10000) in paragraph at lines 128--129

 []


Underfull \hbox (badness 10000) has occurred while \output is active

 []


Overfull \hbox (4.86667pt too wide) has occurred while \output is active
 $[]$ 
 []


Overfull \vbox (9.15524pt too high) has occurred while \output is active []


Underfull \hbox (badness 10000) has occurred while \output is active

 []


Overfull \hbox (4.86667pt too wide) has occurred while \output is active
 $[]$ 
 []

[24]
Underfull \hbox (badness 10000) in paragraph at lines 130--131

 []

File: muestreo.eps Graphic file (type eps)
<muestreo.eps>
Underfull \hbox (badness 10000) has occurred while \output is active

 []


Overfull \hbox (4.86667pt too wide) has occurred while \output is active
 $[]$ 
 []


Overfull \vbox (9.15524pt too high) has occurred while \output is active []


Underfull \hbox (badness 10000) has occurred while \output is active

 []


Overfull \hbox (4.86667pt too wide) has occurred while \output is active
 $[]$ 
 []

[25]
Underfull \hbox (badness 10000) in paragraph at lines 145--146

 []


Underfull \hbox (badness 10000) in paragraph at lines 154--155

 []


Underfull \hbox (badness 10000) has occurred while \output is active

 []


Overfull \hbox (4.86667pt too wide) has occurred while \output is active
 $[]$ 
 []


Overfull \vbox (9.15524pt too high) has occurred while \output is active []


Underfull \hbox (badness 10000) has occurred while \output is active

 []


Overfull \hbox (4.86667pt too wide) has occurred while \output is active
 $[]$ 
 []

[26]
Underfull \hbox (badness 10000) has occurred while \output is active

 []


Overfull \hbox (4.86667pt too wide) has occurred while \output is active
 $[]$ 
 []


Overfull \vbox (9.15524pt too high) has occurred while \output is active []


Underfull \hbox (badness 10000) has occurred while \output is active

 []


Overfull \hbox (4.86667pt too wide) has occurred while \output is active
 $[]$ 
 []

[27]
Underfull \hbox (badness 10000) has occurred while \output is active

 []


Overfull \hbox (4.86667pt too wide) has occurred while \output is active
 $[]$ 
 []


Overfull \vbox (9.15524pt too high) has occurred while \output is active []


Underfull \hbox (badness 10000) has occurred while \output is active

 []


Overfull \hbox (4.86667pt too wide) has occurred while \output is active
 $[]$ 
 []

[28]
Underfull \hbox (badness 10000) in paragraph at lines 193--196

 []


Underfull \hbox (badness 10000) in paragraph at lines 201--203

 []


Underfull \hbox (badness 10000) has occurred while \output is active

 []


Overfull \hbox (4.86667pt too wide) has occurred while \output is active
 $[]$ 
 []


Overfull \vbox (9.15524pt too high) has occurred while \output is active []


Underfull \hbox (badness 10000) has occurred while \output is active

 []


Overfull \hbox (4.86667pt too wide) has occurred while \output is active
 $[]$ 
 []

[29]
File: cabecera_ip.eps Graphic file (type eps)
 <cabecera_ip.eps>
Underfull \hbox (badness 10000) has occurred while \output is active

 []


Overfull \hbox (4.86667pt too wide) has occurred while \output is active
 $[]$ 
 []


Overfull \vbox (9.15524pt too high) has occurred while \output is active []


Underfull \hbox (badness 10000) has occurred while \output is active

 []


Overfull \hbox (4.86667pt too wide) has occurred while \output is active
 $[]$ 
 []

[30]
Underfull \hbox (badness 10000) in paragraph at lines 241--242

 []


Underfull \hbox (badness 10000) in paragraph at lines 243--244

 []


Underfull \hbox (badness 10000) has occurred while \output is active

 []


Overfull \hbox (4.86667pt too wide) has occurred while \output is active
 $[]$ 
 []


Overfull \vbox (9.15524pt too high) has occurred while \output is active []


Underfull \hbox (badness 10000) has occurred while \output is active

 []


Overfull \hbox (4.86667pt too wide) has occurred while \output is active
 $[]$ 
 []

[31]
File: mtu.eps Graphic file (type eps)
 <mtu.eps>
Underfull \hbox (badness 10000) has occurred while \output is active

 []


Overfull \hbox (4.86667pt too wide) has occurred while \output is active
 $[]$ 
 []


Overfull \vbox (9.15524pt too high) has occurred while \output is active []


Underfull \hbox (badness 10000) has occurred while \output is active

 []


Overfull \hbox (4.86667pt too wide) has occurred while \output is active
 $[]$ 
 []

[32]
LaTeX Font Info:    Try loading font information for OMS+cmr on input line 277.

 (/usr/share/texmf/tex/latex/base/omscmr.fd
File: omscmr.fd 1999/05/25 v2.5h Standard LaTeX font definitions
)
LaTeX Font Info:    Font shape `OMS/cmr/m/n' in size <10.95> not available
(Font)              Font shape `OMS/cmsy/m/n' tried instead on input line 277.

Underfull \hbox (badness 10000) in paragraph at lines 285--286

 []


Underfull \hbox (badness 10000) in paragraph at lines 287--288

 []


Underfull \hbox (badness 10000) in paragraph at lines 289--290

 []


Underfull \hbox (badness 10000) has occurred while \output is active

 []


Overfull \hbox (4.86667pt too wide) has occurred while \output is active
 $[]$ 
 []


Overfull \vbox (9.15524pt too high) has occurred while \output is active []


Underfull \hbox (badness 10000) has occurred while \output is active

 []


Overfull \hbox (4.86667pt too wide) has occurred while \output is active
 $[]$ 
 []

[33]
Underfull \hbox (badness 10000) in paragraph at lines 301--302

 []

File: multicast.eps Graphic file (type eps)
<multicast.eps>
Underfull \hbox (badness 10000) in paragraph at lines 310--311

 []


Underfull \hbox (badness 10000) in paragraph at lines 312--314

 []


Underfull \hbox (badness 10000) has occurred while \output is active

 []


Overfull \hbox (4.86667pt too wide) has occurred while \output is active
 $[]$ 
 []


Overfull \vbox (9.15524pt too high) has occurred while \output is active []


Underfull \hbox (badness 10000) has occurred while \output is active

 []


Overfull \hbox (4.86667pt too wide) has occurred while \output is active
 $[]$ 
 []

[34]
Underfull \hbox (badness 10000) in paragraph at lines 320--321

 []


Underfull \hbox (badness 10000) has occurred while \output is active

 []


Overfull \hbox (4.86667pt too wide) has occurred while \output is active
 $[]$ 
 []


Overfull \vbox (9.15524pt too high) has occurred while \output is active []


Underfull \hbox (badness 10000) has occurred while \output is active

 []


Overfull \hbox (4.86667pt too wide) has occurred while \output is active
 $[]$ 
 []

[35]
Underfull \hbox (badness 10000) in paragraph at lines 333--334

 []


Underfull \hbox (badness 10000) in paragraph at lines 335--336

 []


Underfull \hbox (badness 10000) has occurred while \output is active

 []


Overfull \hbox (4.86667pt too wide) has occurred while \output is active
 $[]$ 
 []


Overfull \vbox (9.15524pt too high) has occurred while \output is active []


Underfull \hbox (badness 10000) has occurred while \output is active

 []


Overfull \hbox (4.86667pt too wide) has occurred while \output is active
 $[]$ 
 []

[36]
Underfull \hbox (badness 10000) in paragraph at lines 358--359

 []


Underfull \hbox (badness 10000) in paragraph at lines 360--363

 []


Underfull \hbox (badness 10000) has occurred while \output is active

 []


Overfull \hbox (4.86667pt too wide) has occurred while \output is active
 $[]$ 
 []


Overfull \vbox (9.45941pt too high) has occurred while \output is active []


Underfull \hbox (badness 10000) has occurred while \output is active

 []


Overfull \hbox (4.86667pt too wide) has occurred while \output is active
 $[]$ 
 []

[37]
Underfull \hbox (badness 10000) in paragraph at lines 364--365

 []


Underfull \hbox (badness 10000) in paragraph at lines 366--367

 []


Underfull \hbox (badness 10000) in paragraph at lines 368--369

 []


Underfull \vbox (badness 7291) has occurred while \output is active []


Underfull \hbox (badness 10000) has occurred while \output is active

 []


Overfull \hbox (4.86667pt too wide) has occurred while \output is active
 $[]$ 
 []


Overfull \vbox (9.45941pt too high) has occurred while \output is active []


Underfull \hbox (badness 10000) has occurred while \output is active

 []


Overfull \hbox (4.86667pt too wide) has occurred while \output is active
 $[]$ 
 []

[38]
Overfull \hbox (4.45813pt too wide) in paragraph at lines 381--382
[]\OT1/cmr/m/n/10.95 Constituye
 []


Overfull \hbox (0.99667pt too wide) in paragraph at lines 384--385
[]\OT1/cmr/m/n/10.95 Los pa-que-tes RTCP se en-vian pe-rio-di-ca-men-
 []


Underfull \hbox (badness 10000) has occurred while \output is active

 []


Overfull \hbox (4.86667pt too wide) has occurred while \output is active
 $[]$ 
 []


Overfull \vbox (9.45941pt too high) has occurred while \output is active []


Underfull \hbox (badness 10000) has occurred while \output is active

 []


Overfull \hbox (4.86667pt too wide) has occurred while \output is active
 $[]$ 
 []

[39]
Underfull \hbox (badness 10000) in paragraph at lines 392--393

 []


Underfull \hbox (badness 10000) has occurred while \output is active

 []


Overfull \hbox (4.86667pt too wide) has occurred while \output is active
 $[]$ 
 []


Overfull \vbox (9.15524pt too high) has occurred while \output is active []


Underfull \hbox (badness 10000) has occurred while \output is active

 []


Overfull \hbox (4.86667pt too wide) has occurred while \output is active
 $[]$ 
 []

[40]
Underfull \hbox (badness 10000) has occurred while \output is active

 []


Overfull \hbox (4.86667pt too wide) has occurred while \output is active
 $[]$ 
 []


Overfull \vbox (9.15524pt too high) has occurred while \output is active []


Underfull \hbox (badness 10000) has occurred while \output is active

 []


Overfull \hbox (4.86667pt too wide) has occurred while \output is active
 $[]$ 
 []

[41]
Underfull \hbox (badness 10000) in paragraph at lines 416--418

 []

File: protocolos.eps Graphic file (type eps)
<protocolos.eps>
Underfull \hbox (badness 10000) in paragraph at lines 438--439

 []


Underfull \hbox (badness 10000) has occurred while \output is active

 []


Overfull \hbox (4.86667pt too wide) has occurred while \output is active
 $[]$ 
 []


Overfull \vbox (9.15524pt too high) has occurred while \output is active []


Underfull \hbox (badness 10000) has occurred while \output is active

 []


Overfull \hbox (4.86667pt too wide) has occurred while \output is active
 $[]$ 
 []

[42]
Underfull \hbox (badness 10000) has occurred while \output is active

 []


Overfull \hbox (4.86667pt too wide) has occurred while \output is active
 $[]$ 
 []


Overfull \vbox (9.15524pt too high) has occurred while \output is active []


Underfull \hbox (badness 10000) has occurred while \output is active

 []


Overfull \hbox (4.86667pt too wide) has occurred while \output is active
 $[]$ 
 []

[43]
Underfull \hbox (badness 10000) in paragraph at lines 482--483

 []


Underfull \hbox (badness 10000) has occurred while \output is active

 []


Overfull \hbox (4.86667pt too wide) has occurred while \output is active
 $[]$ 
 []


Overfull \vbox (9.15524pt too high) has occurred while \output is active []


Underfull \hbox (badness 10000) has occurred while \output is active

 []


Overfull \hbox (4.86667pt too wide) has occurred while \output is active
 $[]$ 
 []

[44]
Underfull \hbox (badness 10000) in paragraph at lines 484--485

 []


Underfull \hbox (badness 10000) in paragraph at lines 486--487

 []


Underfull \hbox (badness 10000) has occurred while \output is active

 []


Overfull \hbox (4.86667pt too wide) has occurred while \output is active
 $[]$ 
 []


Overfull \vbox (9.15524pt too high) has occurred while \output is active []


Underfull \hbox (badness 10000) has occurred while \output is active

 []


Overfull \hbox (4.86667pt too wide) has occurred while \output is active
 $[]$ 
 []

[45])
Underfull \hbox (badness 10000) has occurred while \output is active

 []


Overfull \hbox (4.86667pt too wide) has occurred while \output is active
 $[]$ 
 []


Overfull \vbox (9.15524pt too high) has occurred while \output is active []


Underfull \hbox (badness 10000) has occurred while \output is active

 []


Overfull \hbox (4.86667pt too wide) has occurred while \output is active
 $[]$ 
 []

[46]
\openout2 = `analisis_requisitos.aux'.

 (./analisis_requisitos.tex
Cap\'{\i }tulo 4.
(./memoria.mtc4) [47




]
Underfull \hbox (badness 10000) in paragraph at lines 8--10

 []

File: diseno.eps Graphic file (type eps)
<diseno.eps>
Underfull \vbox (badness 10000) has occurred while \output is active []


Underfull \hbox (badness 10000) has occurred while \output is active

 []


Overfull \hbox (4.86667pt too wide) has occurred while \output is active
 $[]$ 
 []


Overfull \vbox (9.15524pt too high) has occurred while \output is active []


Underfull \hbox (badness 10000) has occurred while \output is active

 []


Overfull \hbox (4.86667pt too wide) has occurred while \output is active
 $[]$ 
 []

[48]
File: diagrama_proxy.eps Graphic file (type eps)
 <diagrama_proxy.eps>
Underfull \hbox (badness 10000) in paragraph at lines 31--32

 []


Underfull \hbox (badness 10000) has occurred while \output is active

 []


Overfull \hbox (4.86667pt too wide) has occurred while \output is active
 $[]$ 
 []


Overfull \vbox (9.15524pt too high) has occurred while \output is active []


Underfull \hbox (badness 10000) has occurred while \output is active

 []


Overfull \hbox (4.86667pt too wide) has occurred while \output is active
 $[]$ 
 []

[49]
Underfull \hbox (badness 10000) in paragraph at lines 50--51

 []


Underfull \hbox (badness 10000) in paragraph at lines 52--53

 []


Underfull \hbox (badness 10000) has occurred while \output is active

 []


Overfull \hbox (4.86667pt too wide) has occurred while \output is active
 $[]$ 
 []


Overfull \vbox (9.15524pt too high) has occurred while \output is active []


Underfull \hbox (badness 10000) has occurred while \output is active

 []


Overfull \hbox (4.86667pt too wide) has occurred while \output is active
 $[]$ 
 []

[50]
Underfull \hbox (badness 10000) in paragraph at lines 87--88

 []


Underfull \hbox (badness 10000) has occurred while \output is active

 []


Overfull \hbox (4.86667pt too wide) has occurred while \output is active
 $[]$ 
 []


Overfull \vbox (9.15524pt too high) has occurred while \output is active []


Underfull \hbox (badness 10000) has occurred while \output is active

 []


Overfull \hbox (4.86667pt too wide) has occurred while \output is active
 $[]$ 
 []

[51]
Underfull \hbox (badness 10000) in paragraph at lines 101--102

 []


Underfull \hbox (badness 10000) in paragraph at lines 107--108

 []


Overfull \hbox (23.54997pt too wide) in paragraph at lines 111--112
\OT1/cmr/m/n/10.95 au-dio ^^So ``vo-co-decs''. Ca-da \OT1/cmr/m/it/10.95 co-dec
 \OT1/cmr/m/n/10.95 im-ple-men-tar^^Sa un al-go-rit-mo de com-pre-si^^Son-desco
mpresi^^Son
 []


Underfull \hbox (badness 10000) has occurred while \output is active

 []


Overfull \hbox (4.86667pt too wide) has occurred while \output is active
 $[]$ 
 []


Overfull \vbox (9.15524pt too high) has occurred while \output is active []


Underfull \hbox (badness 10000) has occurred while \output is active

 []


Overfull \hbox (4.86667pt too wide) has occurred while \output is active
 $[]$ 
 []

[52]
Underfull \vbox (badness 7595) has occurred while \output is active []


Underfull \hbox (badness 10000) has occurred while \output is active

 []


Overfull \hbox (4.86667pt too wide) has occurred while \output is active
 $[]$ 
 []


Overfull \vbox (9.15524pt too high) has occurred while \output is active []


Underfull \hbox (badness 10000) has occurred while \output is active

 []


Overfull \hbox (4.86667pt too wide) has occurred while \output is active
 $[]$ 
 []

[53]
Underfull \hbox (badness 10000) in paragraph at lines 148--149

 []


Underfull \hbox (badness 10000) has occurred while \output is active

 []


Overfull \hbox (4.86667pt too wide) has occurred while \output is active
 $[]$ 
 []


Overfull \vbox (9.15524pt too high) has occurred while \output is active []


Underfull \hbox (badness 10000) has occurred while \output is active

 []


Overfull \hbox (4.86667pt too wide) has occurred while \output is active
 $[]$ 
 []

[54]
Underfull \hbox (badness 10000) in paragraph at lines 173--174

 []


Underfull \hbox (badness 10000) in paragraph at lines 175--176

 []


Underfull \hbox (badness 10000) has occurred while \output is active

 []


Overfull \hbox (4.86667pt too wide) has occurred while \output is active
 $[]$ 
 []


Overfull \vbox (9.15524pt too high) has occurred while \output is active []


Underfull \hbox (badness 10000) has occurred while \output is active

 []


Overfull \hbox (4.86667pt too wide) has occurred while \output is active
 $[]$ 
 []

[55]
Underfull \hbox (badness 10000) has occurred while \output is active

 []


Overfull \hbox (4.86667pt too wide) has occurred while \output is active
 $[]$ 
 []


Overfull \vbox (9.15524pt too high) has occurred while \output is active []


Underfull \hbox (badness 10000) has occurred while \output is active

 []


Overfull \hbox (4.86667pt too wide) has occurred while \output is active
 $[]$ 
 []

[56]
Underfull \hbox (badness 10000) has occurred while \output is active

 []


Overfull \hbox (4.86667pt too wide) has occurred while \output is active
 $[]$ 
 []


Overfull \vbox (9.15524pt too high) has occurred while \output is active []


Underfull \hbox (badness 10000) has occurred while \output is active

 []


Overfull \hbox (4.86667pt too wide) has occurred while \output is active
 $[]$ 
 []

[57]
Underfull \hbox (badness 10000) has occurred while \output is active

 []


Overfull \hbox (4.86667pt too wide) has occurred while \output is active
 $[]$ 
 []


Overfull \vbox (9.15524pt too high) has occurred while \output is active []


Underfull \hbox (badness 10000) has occurred while \output is active

 []


Overfull \hbox (4.86667pt too wide) has occurred while \output is active
 $[]$ 
 []

[58]
Underfull \hbox (badness 10000) in paragraph at lines 251--252

 []


Underfull \hbox (badness 10000) has occurred while \output is active

 []


Overfull \hbox (4.86667pt too wide) has occurred while \output is active
 $[]$ 
 []


Overfull \vbox (9.15524pt too high) has occurred while \output is active []


Underfull \hbox (badness 10000) has occurred while \output is active

 []


Overfull \hbox (4.86667pt too wide) has occurred while \output is active
 $[]$ 
 []

[59]
Underfull \hbox (badness 10000) in paragraph at lines 269--271

 []


Overfull \hbox (7.94656pt too wide) in paragraph at lines 272--273
[]\OT1/cmr/m/n/10.95 Este sub-sis-te-ma de-be ser com-pa-ti-ble con la ne-go-ci
a-ci^^Son pro-pues-ta en-tre clien-tes \OT1/cmr/bx/n/10.95 Asub^^S^^Po\OT1/cmr/
m/n/10.95 .
 []


Underfull \hbox (badness 10000) has occurred while \output is active

 []


Overfull \hbox (4.86667pt too wide) has occurred while \output is active
 $[]$ 
 []


Overfull \vbox (9.15524pt too high) has occurred while \output is active []


Underfull \hbox (badness 10000) has occurred while \output is active

 []


Overfull \hbox (4.86667pt too wide) has occurred while \output is active
 $[]$ 
 []

[60]
Overfull \hbox (3.8869pt too wide) in paragraph at lines 282--283
[]\OT1/cmr/m/n/10.95 : es el puer-
 []


Underfull \hbox (badness 10000) has occurred while \output is active

 []


Overfull \hbox (4.86667pt too wide) has occurred while \output is active
 $[]$ 
 []


Overfull \vbox (9.15524pt too high) has occurred while \output is active []


Underfull \hbox (badness 10000) has occurred while \output is active

 []


Overfull \hbox (4.86667pt too wide) has occurred while \output is active
 $[]$ 
 []

[61]
Underfull \hbox (badness 10000) has occurred while \output is active

 []


Overfull \hbox (4.86667pt too wide) has occurred while \output is active
 $[]$ 
 []


Overfull \vbox (9.15524pt too high) has occurred while \output is active []


Underfull \hbox (badness 10000) has occurred while \output is active

 []


Overfull \hbox (4.86667pt too wide) has occurred while \output is active
 $[]$ 
 []

[62]
Underfull \hbox (badness 10000) has occurred while \output is active

 []


Overfull \hbox (4.86667pt too wide) has occurred while \output is active
 $[]$ 
 []


Overfull \vbox (9.15524pt too high) has occurred while \output is active []


Underfull \hbox (badness 10000) has occurred while \output is active

 []


Overfull \hbox (4.86667pt too wide) has occurred while \output is active
 $[]$ 
 []

[63]
Underfull \hbox (badness 10000) has occurred while \output is active

 []


Overfull \hbox (4.86667pt too wide) has occurred while \output is active
 $[]$ 
 []


Overfull \vbox (9.15524pt too high) has occurred while \output is active []


Underfull \hbox (badness 10000) has occurred while \output is active

 []


Overfull \hbox (4.86667pt too wide) has occurred while \output is active
 $[]$ 
 []

[64]
Underfull \hbox (badness 10000) has occurred while \output is active

 []


Overfull \hbox (4.86667pt too wide) has occurred while \output is active
 $[]$ 
 []


Overfull \vbox (9.15524pt too high) has occurred while \output is active []


Underfull \hbox (badness 10000) has occurred while \output is active

 []


Overfull \hbox (4.86667pt too wide) has occurred while \output is active
 $[]$ 
 []

[65]
Underfull \hbox (badness 10000) has occurred while \output is active

 []


Overfull \hbox (4.86667pt too wide) has occurred while \output is active
 $[]$ 
 []


Overfull \vbox (9.15524pt too high) has occurred while \output is active []


Underfull \hbox (badness 10000) has occurred while \output is active

 []


Overfull \hbox (4.86667pt too wide) has occurred while \output is active
 $[]$ 
 []

[66]
Underfull \hbox (badness 10000) in paragraph at lines 403--404

 []


Underfull \hbox (badness 10000) in paragraph at lines 406--407

 []


Underfull \hbox (badness 10000) in paragraph at lines 411--412

 []


Underfull \hbox (badness 10000) in paragraph at lines 413--414

 []


Underfull \vbox (badness 4060) has occurred while \output is active []


Underfull \hbox (badness 10000) has occurred while \output is active

 []


Overfull \hbox (4.86667pt too wide) has occurred while \output is active
 $[]$ 
 []


Overfull \vbox (9.15524pt too high) has occurred while \output is active []


Underfull \hbox (badness 10000) has occurred while \output is active

 []


Overfull \hbox (4.86667pt too wide) has occurred while \output is active
 $[]$ 
 []

[67]
Underfull \hbox (badness 10000) in paragraph at lines 427--428

 []


Underfull \hbox (badness 10000) in paragraph at lines 437--438

 []


Underfull \hbox (badness 10000) has occurred while \output is active

 []


Overfull \hbox (4.86667pt too wide) has occurred while \output is active
 $[]$ 
 []


Overfull \vbox (9.15524pt too high) has occurred while \output is active []


Underfull \hbox (badness 10000) has occurred while \output is active

 []


Overfull \hbox (4.86667pt too wide) has occurred while \output is active
 $[]$ 
 []

[68]
Underfull \hbox (badness 10000) in paragraph at lines 443--444

 []

)
Underfull \hbox (badness 10000) has occurred while \output is active

 []


Overfull \hbox (4.86667pt too wide) has occurred while \output is active
 $[]$ 
 []


Overfull \vbox (9.15524pt too high) has occurred while \output is active []


Underfull \hbox (badness 10000) has occurred while \output is active

 []


Overfull \hbox (4.86667pt too wide) has occurred while \output is active
 $[]$ 
 []

[69]
\openout2 = `diseno.aux'.

 (./diseno.tex [70


]
Cap\'{\i }tulo 5.
(./memoria.mtc5) [71


]
Underfull \hbox (badness 10000) in paragraph at lines 6--7

 []


Underfull \hbox (badness 10000) has occurred while \output is active

 []


Overfull \hbox (4.86667pt too wide) has occurred while \output is active
 $[]$ 
 []


Overfull \vbox (9.15524pt too high) has occurred while \output is active []


Underfull \hbox (badness 10000) has occurred while \output is active

 []


Overfull \hbox (4.86667pt too wide) has occurred while \output is active
 $[]$ 
 []

[72]
Underfull \hbox (badness 10000) in paragraph at lines 35--36

 []

File: asubio.eps Graphic file (type eps)
<asubio.eps>
Underfull \hbox (badness 10000) has occurred while \output is active

 []


Overfull \hbox (4.86667pt too wide) has occurred while \output is active
 $[]$ 
 []


Overfull \vbox (9.15524pt too high) has occurred while \output is active []


Underfull \hbox (badness 10000) has occurred while \output is active

 []


Overfull \hbox (4.86667pt too wide) has occurred while \output is active
 $[]$ 
 []

[73]
Underfull \hbox (badness 10000) in paragraph at lines 57--58

 []


Underfull \hbox (badness 10000) in paragraph at lines 59--60

 []


Underfull \hbox (badness 10000) has occurred while \output is active

 []


Overfull \hbox (4.86667pt too wide) has occurred while \output is active
 $[]$ 
 []


Overfull \vbox (9.15524pt too high) has occurred while \output is active []


Underfull \hbox (badness 10000) has occurred while \output is active

 []


Overfull \hbox (4.86667pt too wide) has occurred while \output is active
 $[]$ 
 []

[74]
File: uml_red.eps Graphic file (type eps)
 <uml_red.eps>
Overfull \hbox (3.19753pt too wide) in paragraph at lines 98--98
[]\OT1/cmtt/m/n/10.95 plugins_codecs_dir=/home/riguera/.asubio/plugins/codec/[]
 
 []


Overfull \hbox (8.94621pt too wide) in paragraph at lines 98--98
[]\OT1/cmtt/m/n/10.95 plugins_effect_dir=/home/riguera/.asubio/plugins/effect/[
] 
 []


Underfull \vbox (badness 10000) has occurred while \output is active []


Underfull \hbox (badness 10000) has occurred while \output is active

 []


Overfull \hbox (4.86667pt too wide) has occurred while \output is active
 $[]$ 
 []


Overfull \vbox (9.15524pt too high) has occurred while \output is active []


Underfull \hbox (badness 10000) has occurred while \output is active

 []


Overfull \hbox (4.86667pt too wide) has occurred while \output is active
 $[]$ 
 []

[75]
Underfull \hbox (badness 10000) has occurred while \output is active

 []


Overfull \hbox (4.86667pt too wide) has occurred while \output is active
 $[]$ 
 []


Overfull \vbox (9.15524pt too high) has occurred while \output is active []


Underfull \hbox (badness 10000) has occurred while \output is active

 []


Overfull \hbox (4.86667pt too wide) has occurred while \output is active
 $[]$ 
 []

[76]
File: audio_processor.eps Graphic file (type eps)
 <audio_processor.eps>
Underfull \hbox (badness 10000) in paragraph at lines 121--122

 []


Underfull \hbox (badness 10000) in paragraph at lines 123--124

 []


Underfull \hbox (badness 10000) in paragraph at lines 125--126

 []


Underfull \hbox (badness 10000) has occurred while \output is active

 []


Overfull \hbox (4.86667pt too wide) has occurred while \output is active
 $[]$ 
 []


Overfull \vbox (9.15524pt too high) has occurred while \output is active []


Underfull \hbox (badness 10000) has occurred while \output is active

 []


Overfull \hbox (4.86667pt too wide) has occurred while \output is active
 $[]$ 
 []

[77]
File: buffer_audio.eps Graphic file (type eps)
 <buffer_audio.eps>
Underfull \hbox (badness 10000) has occurred while \output is active

 []


Overfull \hbox (4.86667pt too wide) has occurred while \output is active
 $[]$ 
 []


Overfull \vbox (9.15524pt too high) has occurred while \output is active []


Underfull \hbox (badness 10000) has occurred while \output is active

 []


Overfull \hbox (4.86667pt too wide) has occurred while \output is active
 $[]$ 
 []

[78]
Underfull \hbox (badness 10000) in paragraph at lines 151--152

 []


Underfull \hbox (badness 10000) has occurred while \output is active

 []


Overfull \hbox (4.86667pt too wide) has occurred while \output is active
 $[]$ 
 []


Overfull \vbox (9.15524pt too high) has occurred while \output is active []


Underfull \hbox (badness 10000) has occurred while \output is active

 []


Overfull \hbox (4.86667pt too wide) has occurred while \output is active
 $[]$ 
 []

[79]
File: codec.eps Graphic file (type eps)
 <codec.eps>
Underfull \hbox (badness 10000) in paragraph at lines 184--185

 []


Underfull \hbox (badness 10000) has occurred while \output is active

 []


Overfull \hbox (4.86667pt too wide) has occurred while \output is active
 $[]$ 
 []


Overfull \vbox (9.15524pt too high) has occurred while \output is active []


Underfull \hbox (badness 10000) has occurred while \output is active

 []


Overfull \hbox (4.86667pt too wide) has occurred while \output is active
 $[]$ 
 []

[80]
File: io.eps Graphic file (type eps)
 <io.eps>
Underfull \hbox (badness 10000) has occurred while \output is active

 []


Overfull \hbox (4.86667pt too wide) has occurred while \output is active
 $[]$ 
 []


Overfull \vbox (9.15524pt too high) has occurred while \output is active []


Underfull \hbox (badness 10000) has occurred while \output is active

 []


Overfull \hbox (4.86667pt too wide) has occurred while \output is active
 $[]$ 
 []

[81]
File: SSIP.eps Graphic file (type eps)
 <SSIP.eps>
Underfull \hbox (badness 10000) has occurred while \output is active

 []


Overfull \hbox (4.86667pt too wide) has occurred while \output is active
 $[]$ 
 []


Overfull \vbox (9.15524pt too high) has occurred while \output is active []


Underfull \hbox (badness 10000) has occurred while \output is active

 []


Overfull \hbox (4.86667pt too wide) has occurred while \output is active
 $[]$ 
 []

[82]
Underfull \hbox (badness 10000) has occurred while \output is active

 []


Overfull \hbox (4.86667pt too wide) has occurred while \output is active
 $[]$ 
 []


Overfull \vbox (9.15524pt too high) has occurred while \output is active []


Underfull \hbox (badness 10000) has occurred while \output is active

 []


Overfull \hbox (4.86667pt too wide) has occurred while \output is active
 $[]$ 
 []

[83]
File: proxy.eps Graphic file (type eps)
 <proxy.eps>
Underfull \hbox (badness 10000) has occurred while \output is active

 []


Overfull \hbox (4.86667pt too wide) has occurred while \output is active
 $[]$ 
 []


Overfull \vbox (9.15524pt too high) has occurred while \output is active []


Underfull \hbox (badness 10000) has occurred while \output is active

 []


Overfull \hbox (4.86667pt too wide) has occurred while \output is active
 $[]$ 
 []

[84]
Overfull \hbox (3.19753pt too wide) in paragraph at lines 291--291
[]\OT1/cmtt/m/n/10.95 db_file=/home/riguera/PROYECTO/ssip_server/users_db.txt[]
 
 []


Underfull \vbox (badness 4846) has occurred while \output is active []


Underfull \hbox (badness 10000) has occurred while \output is active

 []


Overfull \hbox (4.86667pt too wide) has occurred while \output is active
 $[]$ 
 []


Overfull \vbox (9.15524pt too high) has occurred while \output is active []


Underfull \hbox (badness 10000) has occurred while \output is active

 []


Overfull \hbox (4.86667pt too wide) has occurred while \output is active
 $[]$ 
 []

[85]
Underfull \hbox (badness 10000) in paragraph at lines 299--300

 []


Underfull \hbox (badness 10000) in paragraph at lines 314--315

 []


Underfull \hbox (badness 10000) has occurred while \output is active

 []


Overfull \hbox (4.86667pt too wide) has occurred while \output is active
 $[]$ 
 []


Overfull \vbox (9.15524pt too high) has occurred while \output is active []


Underfull \hbox (badness 10000) has occurred while \output is active

 []


Overfull \hbox (4.86667pt too wide) has occurred while \output is active
 $[]$ 
 []

[86]
Underfull \hbox (badness 10000) in paragraph at lines 334--335

 []


Underfull \hbox (badness 10000) in paragraph at lines 336--337

 []


Underfull \hbox (badness 10000) has occurred while \output is active

 []


Overfull \hbox (4.86667pt too wide) has occurred while \output is active
 $[]$ 
 []


Overfull \vbox (9.15524pt too high) has occurred while \output is active []


Underfull \hbox (badness 10000) has occurred while \output is active

 []


Overfull \hbox (4.86667pt too wide) has occurred while \output is active
 $[]$ 
 []

[87]
Overfull \hbox (1.06757pt too wide) in paragraph at lines 344--345
[]\OT1/cmr/m/n/10.95 es la res-pues-ta que env^^S^^Pa el proxy tras un USER[]BY
E[]ONLINE
 []


Overfull \hbox (7.08661pt too wide) in paragraph at lines 345--346
[]\OT1/cmr/m/n/10.95 es la res-pues-ta que en-via el proxy tras un USER[]HELO[]
ONLINE
 []


Overfull \hbox (8.71336pt too wide) in paragraph at lines 345--346
\OT1/cmr/m/n/10.95 o un USER[]BYE[]ONLINE. Si el proxy lo env^^S^^Pa tras re-ci
-bir un USER[]HELO[]ONLINE,
 []


Underfull \hbox (badness 10000) in paragraph at lines 353--354

 []


Underfull \hbox (badness 10000) has occurred while \output is active

 []


Overfull \hbox (4.86667pt too wide) has occurred while \output is active
 $[]$ 
 []


Overfull \vbox (9.15524pt too high) has occurred while \output is active []


Underfull \hbox (badness 10000) has occurred while \output is active

 []


Overfull \hbox (4.86667pt too wide) has occurred while \output is active
 $[]$ 
 []

[88]
Overfull \hbox (9.18289pt too wide) in paragraph at lines 363--364
\OT1/cmr/m/n/10.95 ba-se de da-tos. Si el usua-rio ya exis-te se cons-tes-ta co
n un pa-que-te USER[]INCORRECT,
 []


Underfull \hbox (badness 10000) has occurred while \output is active

 []


Overfull \hbox (4.86667pt too wide) has occurred while \output is active
 $[]$ 
 []


Overfull \vbox (9.15524pt too high) has occurred while \output is active []


Underfull \hbox (badness 10000) has occurred while \output is active

 []


Overfull \hbox (4.86667pt too wide) has occurred while \output is active
 $[]$ 
 []

[89]
File: neg_SSIP.eps Graphic file (type eps)
 <neg_SSIP.eps>
Underfull \hbox (badness 10000) has occurred while \output is active

 []


Overfull \hbox (4.86667pt too wide) has occurred while \output is active
 $[]$ 
 []


Overfull \vbox (9.15524pt too high) has occurred while \output is active []


Underfull \hbox (badness 10000) has occurred while \output is active

 []


Overfull \hbox (4.86667pt too wide) has occurred while \output is active
 $[]$ 
 []

[90])
Underfull \hbox (badness 10000) has occurred while \output is active

 []


Overfull \hbox (4.86667pt too wide) has occurred while \output is active
 $[]$ 
 []


Overfull \vbox (9.15524pt too high) has occurred while \output is active []


Underfull \hbox (badness 10000) has occurred while \output is active

 []


Overfull \hbox (4.86667pt too wide) has occurred while \output is active
 $[]$ 
 []

[91]
\openout2 = `implementacion.aux'.

 (./implementacion.tex [92


]
Cap\'{\i }tulo 6.
(./memoria.mtc6) [93


]
Underfull \hbox (badness 10000) in paragraph at lines 6--7

 []


Underfull \hbox (badness 10000) in paragraph at lines 8--9

 []


Underfull \hbox (badness 10000) has occurred while \output is active

 []


Overfull \hbox (4.86667pt too wide) has occurred while \output is active
 $[]$ 
 []


Overfull \vbox (9.15524pt too high) has occurred while \output is active []


Underfull \hbox (badness 10000) has occurred while \output is active

 []


Overfull \hbox (4.86667pt too wide) has occurred while \output is active
 $[]$ 
 []

[94]
Underfull \hbox (badness 10000) in paragraph at lines 41--42

 []


Underfull \hbox (badness 10000) in paragraph at lines 51--53

 []


Underfull \hbox (badness 10000) has occurred while \output is active

 []


Overfull \hbox (4.86667pt too wide) has occurred while \output is active
 $[]$ 
 []


Overfull \vbox (9.15524pt too high) has occurred while \output is active []


Underfull \hbox (badness 10000) has occurred while \output is active

 []


Overfull \hbox (4.86667pt too wide) has occurred while \output is active
 $[]$ 
 []

[95]
LaTeX Font Info:    Font shape `OMS/cmr/m/n' in size <8> not available
(Font)              Font shape `OMS/cmsy/m/n' tried instead on input line 67.

Underfull \hbox (badness 10000) in paragraph at lines 103--103

 []


Overfull \hbox (4.86667pt too wide) detected at line 103
 $[]$ 
 []


Overfull \vbox (9.15524pt too high) detected at line 103
 []


Underfull \hbox (badness 10000) in paragraph at lines 103--103

 []


Overfull \hbox (4.86667pt too wide) detected at line 103
 $[]$ 
 []

[96]
Underfull \hbox (badness 10000) in paragraph at lines 112--113

 []

LaTeX Font Info:    Try loading font information for OML+cmr on input line 124.

(/usr/share/texmf/tex/latex/base/omlcmr.fd
File: omlcmr.fd 1999/05/25 v2.5h Standard LaTeX font definitions
)
LaTeX Font Info:    Font shape `OML/cmr/m/n' in size <8> not available
(Font)              Font shape `OML/cmm/m/it' tried instead on input line 124.

Underfull \hbox (badness 10000) in paragraph at lines 145--145

 []


Overfull \hbox (4.86667pt too wide) detected at line 145
 $[]$ 
 []


Overfull \vbox (9.15524pt too high) detected at line 145
 []


Underfull \hbox (badness 10000) in paragraph at lines 145--145

 []


Overfull \hbox (4.86667pt too wide) detected at line 145
 $[]$ 
 []

[97]
LaTeX Font Info:    Font shape `OMS/cmr/m/it' in size <8> not available
(Font)              Font shape `OMS/cmsy/m/n' tried instead on input line 147.

Underfull \hbox (badness 10000) in paragraph at lines 195--195

 []


Overfull \hbox (4.86667pt too wide) detected at line 195
 $[]$ 
 []


Overfull \vbox (9.15524pt too high) detected at line 195
 []


Underfull \hbox (badness 10000) in paragraph at lines 195--195

 []


Overfull \hbox (4.86667pt too wide) detected at line 195
 $[]$ 
 []

[98]
Underfull \vbox (badness 10000) detected at line 248
 []


Underfull \hbox (badness 10000) in paragraph at lines 248--248

 []


Overfull \hbox (4.86667pt too wide) detected at line 248
 $[]$ 
 []


Overfull \vbox (9.15524pt too high) detected at line 248
 []


Underfull \hbox (badness 10000) in paragraph at lines 248--248

 []


Overfull \hbox (4.86667pt too wide) detected at line 248
 $[]$ 
 []

[99]
Underfull \hbox (badness 10000) in paragraph at lines 253--254

 []


Underfull \hbox (badness 10000) has occurred while \output is active

 []


Overfull \hbox (4.86667pt too wide) has occurred while \output is active
 $[]$ 
 []


Overfull \vbox (9.15524pt too high) has occurred while \output is active []


Underfull \hbox (badness 10000) has occurred while \output is active

 []


Overfull \hbox (4.86667pt too wide) has occurred while \output is active
 $[]$ 
 []

[100]
Underfull \vbox (badness 10000) has occurred while \output is active []


Underfull \hbox (badness 10000) has occurred while \output is active

 []


Overfull \hbox (4.86667pt too wide) has occurred while \output is active
 $[]$ 
 []


Overfull \vbox (9.15524pt too high) has occurred while \output is active []


Underfull \hbox (badness 10000) has occurred while \output is active

 []


Overfull \hbox (4.86667pt too wide) has occurred while \output is active
 $[]$ 
 []

[101]
Underfull \hbox (badness 10000) in paragraph at lines 369--370

 []


Underfull \hbox (badness 10000) in paragraph at lines 386--386

 []


Overfull \hbox (4.86667pt too wide) detected at line 386
 $[]$ 
 []


Overfull \vbox (9.15524pt too high) detected at line 386
 []


Underfull \hbox (badness 10000) in paragraph at lines 386--386

 []


Overfull \hbox (4.86667pt too wide) detected at line 386
 $[]$ 
 []

[102]
Underfull \hbox (badness 10000) in paragraph at lines 434--434

 []


Overfull \hbox (4.86667pt too wide) detected at line 434
 $[]$ 
 []


Overfull \vbox (9.15524pt too high) detected at line 434
 []


Underfull \hbox (badness 10000) in paragraph at lines 434--434

 []


Overfull \hbox (4.86667pt too wide) detected at line 434
 $[]$ 
 []

[103]
Underfull \hbox (badness 10000) has occurred while \output is active

 []


Overfull \hbox (4.86667pt too wide) has occurred while \output is active
 $[]$ 
 []


Overfull \vbox (9.15524pt too high) has occurred while \output is active []


Underfull \hbox (badness 10000) has occurred while \output is active

 []


Overfull \hbox (4.86667pt too wide) has occurred while \output is active
 $[]$ 
 []

[104]
Underfull \hbox (badness 10000) in paragraph at lines 465--466

 []


Underfull \hbox (badness 10000) in paragraph at lines 504--504

 []


Overfull \hbox (4.86667pt too wide) detected at line 504
 $[]$ 
 []


Overfull \vbox (9.15524pt too high) detected at line 504
 []


Underfull \hbox (badness 10000) in paragraph at lines 504--504

 []


Overfull \hbox (4.86667pt too wide) detected at line 504
 $[]$ 
 []

[105]
Overfull \hbox (0.52745pt too wide) in paragraph at lines 509--510
[]\OT1/cmr/m/n/10.95 El plu-gin de-be te-ner de-fi-ni-da una fun-ci^^Son \OT1/c
mr/m/it/10.95 PLU-GIN[]EFFECT[]STRUCT \OT1/cmr/m/n/10.95 de ti-po \OT1/cmr/m/it
/10.95 LFunc-
 []


Underfull \hbox (badness 10000) has occurred while \output is active

 []


Overfull \hbox (4.86667pt too wide) has occurred while \output is active
 $[]$ 
 []


Overfull \vbox (9.15524pt too high) has occurred while \output is active []


Underfull \hbox (badness 10000) has occurred while \output is active

 []


Overfull \hbox (4.86667pt too wide) has occurred while \output is active
 $[]$ 
 []

[106]
Overfull \hbox (21.89656pt too wide) in paragraph at lines 532--533
[]\OT1/cmr/m/n/10.95 A con-ti-nua-ci^^Son se mues-tra la de-fi-ni-ci^^Son del A
PI pa-ra el plu-gin de com-pre-si^^Son-descompresi^^Son
 []


Underfull \hbox (badness 10000) has occurred while \output is active

 []


Overfull \hbox (4.86667pt too wide) has occurred while \output is active
 $[]$ 
 []


Overfull \vbox (9.15524pt too high) has occurred while \output is active []


Underfull \hbox (badness 10000) has occurred while \output is active

 []


Overfull \hbox (4.86667pt too wide) has occurred while \output is active
 $[]$ 
 []

[107]
Underfull \hbox (badness 10000) in paragraph at lines 620--620

 []


Overfull \hbox (4.86667pt too wide) detected at line 620
 $[]$ 
 []


Overfull \vbox (9.15524pt too high) detected at line 620
 []


Underfull \hbox (badness 10000) in paragraph at lines 620--620

 []


Overfull \hbox (4.86667pt too wide) detected at line 620
 $[]$ 
 []

[108]
Underfull \hbox (badness 10000) in paragraph at lines 672--672

 []


Overfull \hbox (4.86667pt too wide) detected at line 672
 $[]$ 
 []


Overfull \vbox (9.15524pt too high) detected at line 672
 []


Underfull \hbox (badness 10000) in paragraph at lines 672--672

 []


Overfull \hbox (4.86667pt too wide) detected at line 672
 $[]$ 
 []

[109]
LaTeX Font Info:    Font shape `OML/cmr/m/it' in size <8> not available
(Font)              Font shape `OML/cmm/m/it' tried instead on input line 674.

Underfull \hbox (badness 10000) in paragraph at lines 722--723

 []


Underfull \hbox (badness 10000) has occurred while \output is active

 []


Overfull \hbox (4.86667pt too wide) has occurred while \output is active
 $[]$ 
 []


Overfull \vbox (9.15524pt too high) has occurred while \output is active []


Underfull \hbox (badness 10000) has occurred while \output is active

 []


Overfull \hbox (4.86667pt too wide) has occurred while \output is active
 $[]$ 
 []

[110]
Underfull \hbox (badness 10000) in paragraph at lines 724--725

 []


Underfull \hbox (badness 10000) has occurred while \output is active

 []


Overfull \hbox (4.86667pt too wide) has occurred while \output is active
 $[]$ 
 []


Overfull \vbox (9.15524pt too high) has occurred while \output is active []


Underfull \hbox (badness 10000) has occurred while \output is active

 []


Overfull \hbox (4.86667pt too wide) has occurred while \output is active
 $[]$ 
 []

[111]
Underfull \hbox (badness 10000) in paragraph at lines 754--755

 []


Underfull \hbox (badness 10000) has occurred while \output is active

 []


Overfull \hbox (4.86667pt too wide) has occurred while \output is active
 $[]$ 
 []


Overfull \vbox (9.15524pt too high) has occurred while \output is active []


Underfull \hbox (badness 10000) has occurred while \output is active

 []


Overfull \hbox (4.86667pt too wide) has occurred while \output is active
 $[]$ 
 []

[112]
Underfull \hbox (badness 10000) in paragraph at lines 814--814

 []


Overfull \hbox (4.86667pt too wide) detected at line 814
 $[]$ 
 []


Overfull \vbox (9.15524pt too high) detected at line 814
 []


Underfull \hbox (badness 10000) in paragraph at lines 814--814

 []


Overfull \hbox (4.86667pt too wide) detected at line 814
 $[]$ 
 []

[113]
Underfull \vbox (badness 10000) detected at line 866
 []


Underfull \hbox (badness 10000) in paragraph at lines 866--866

 []


Overfull \hbox (4.86667pt too wide) detected at line 866
 $[]$ 
 []


Overfull \vbox (9.15524pt too high) detected at line 866
 []


Underfull \hbox (badness 10000) in paragraph at lines 866--866

 []


Overfull \hbox (4.86667pt too wide) detected at line 866
 $[]$ 
 []

[114]
Underfull \vbox (badness 10000) detected at line 919
 []


Underfull \hbox (badness 10000) in paragraph at lines 919--919

 []


Overfull \hbox (4.86667pt too wide) detected at line 919
 $[]$ 
 []


Overfull \vbox (9.15524pt too high) detected at line 919
 []


Underfull \hbox (badness 10000) in paragraph at lines 919--919

 []


Overfull \hbox (4.86667pt too wide) detected at line 919
 $[]$ 
 []

[115]
Underfull \hbox (badness 10000) in paragraph at lines 932--933

 []


Overfull \hbox (3.53032pt too wide) in paragraph at lines 939--940
[]\OT1/cmr/m/n/10.95 Este sis-te-ma per-mi-te ab-sor-ber ili-mi-ta-da-men-te la
s va-ria-cio-nes tem-po-ra-les en el env^^S^^Po/-
 []


Underfull \hbox (badness 10000) in paragraph at lines 942--943

 []


Underfull \hbox (badness 10000) has occurred while \output is active

 []


Overfull \hbox (4.86667pt too wide) has occurred while \output is active
 $[]$ 
 []


Overfull \vbox (9.15524pt too high) has occurred while \output is active []


Underfull \hbox (badness 10000) has occurred while \output is active

 []


Overfull \hbox (4.86667pt too wide) has occurred while \output is active
 $[]$ 
 []

[116]
Underfull \hbox (badness 10000) in paragraph at lines 948--949

 []


Underfull \hbox (badness 10000) in paragraph at lines 963--963

 []


Overfull \hbox (4.86667pt too wide) detected at line 963
 $[]$ 
 []


Overfull \vbox (9.15524pt too high) detected at line 963
 []


Underfull \hbox (badness 10000) in paragraph at lines 963--963

 []


Overfull \hbox (4.86667pt too wide) detected at line 963
 $[]$ 
 []

[117]
Underfull \vbox (badness 10000) detected at line 1016
 []


Underfull \hbox (badness 10000) in paragraph at lines 1016--1016

 []


Overfull \hbox (4.86667pt too wide) detected at line 1016
 $[]$ 
 []


Overfull \vbox (9.15524pt too high) detected at line 1016
 []


Underfull \hbox (badness 10000) in paragraph at lines 1016--1016

 []


Overfull \hbox (4.86667pt too wide) detected at line 1016
 $[]$ 
 []

[118]
Underfull \vbox (badness 10000) detected at line 1068
 []


Underfull \hbox (badness 10000) in paragraph at lines 1068--1068

 []


Overfull \hbox (4.86667pt too wide) detected at line 1068
 $[]$ 
 []


Overfull \vbox (9.15524pt too high) detected at line 1068
 []


Underfull \hbox (badness 10000) in paragraph at lines 1068--1068

 []


Overfull \hbox (4.86667pt too wide) detected at line 1068
 $[]$ 
 []

[119]
Underfull \hbox (badness 10000) in paragraph at lines 1076--1077

 []


Underfull \hbox (badness 10000) in paragraph at lines 1078--1079

 []


Underfull \hbox (badness 10000) in paragraph at lines 1080--1081

 []


Underfull \hbox (badness 10000) in paragraph at lines 1086--1087

 []


Underfull \hbox (badness 10000) has occurred while \output is active

 []


Overfull \hbox (4.86667pt too wide) has occurred while \output is active
 $[]$ 
 []


Overfull \vbox (9.45941pt too high) has occurred while \output is active []


Underfull \hbox (badness 10000) has occurred while \output is active

 []


Overfull \hbox (4.86667pt too wide) has occurred while \output is active
 $[]$ 
 []

[120]
Underfull \hbox (badness 10000) in paragraph at lines 1123--1123

 []


Overfull \hbox (4.86667pt too wide) detected at line 1123
 $[]$ 
 []


Overfull \vbox (9.45941pt too high) detected at line 1123
 []


Underfull \hbox (badness 10000) in paragraph at lines 1123--1123

 []


Overfull \hbox (4.86667pt too wide) detected at line 1123
 $[]$ 
 []

[121]
Underfull \vbox (badness 10000) detected at line 1175
 []


Underfull \hbox (badness 10000) in paragraph at lines 1175--1175

 []


Overfull \hbox (4.86667pt too wide) detected at line 1175
 $[]$ 
 []


Overfull \vbox (9.45941pt too high) detected at line 1175
 []


Underfull \hbox (badness 10000) in paragraph at lines 1175--1175

 []


Overfull \hbox (4.86667pt too wide) detected at line 1175
 $[]$ 
 []

[122]
Underfull \hbox (badness 10000) in paragraph at lines 1223--1223

 []


Overfull \hbox (4.86667pt too wide) detected at line 1223
 $[]$ 
 []


Overfull \vbox (9.45941pt too high) detected at line 1223
 []


Underfull \hbox (badness 10000) in paragraph at lines 1223--1223

 []


Overfull \hbox (4.86667pt too wide) detected at line 1223
 $[]$ 
 []

[123]
Underfull \vbox (badness 2591) has occurred while \output is active []


Underfull \hbox (badness 10000) has occurred while \output is active

 []


Overfull \hbox (4.86667pt too wide) has occurred while \output is active
 $[]$ 
 []


Overfull \vbox (9.15524pt too high) has occurred while \output is active []


Underfull \hbox (badness 10000) has occurred while \output is active

 []


Overfull \hbox (4.86667pt too wide) has occurred while \output is active
 $[]$ 
 []

[124]
Underfull \vbox (badness 10000) has occurred while \output is active []


Underfull \hbox (badness 10000) has occurred while \output is active

 []


Overfull \hbox (4.86667pt too wide) has occurred while \output is active
 $[]$ 
 []


Overfull \vbox (9.15524pt too high) has occurred while \output is active []


Underfull \hbox (badness 10000) has occurred while \output is active

 []


Overfull \hbox (4.86667pt too wide) has occurred while \output is active
 $[]$ 
 []

[125]
Underfull \vbox (badness 10000) detected at line 1359
 []


Underfull \hbox (badness 10000) in paragraph at lines 1359--1359

 []


Overfull \hbox (4.86667pt too wide) detected at line 1359
 $[]$ 
 []


Overfull \vbox (9.15524pt too high) detected at line 1359
 []


Underfull \hbox (badness 10000) in paragraph at lines 1359--1359

 []


Overfull \hbox (4.86667pt too wide) detected at line 1359
 $[]$ 
 []

[126]
Underfull \hbox (badness 10000) in paragraph at lines 1402--1403

 []


Underfull \hbox (badness 10000) has occurred while \output is active

 []


Overfull \hbox (4.86667pt too wide) has occurred while \output is active
 $[]$ 
 []


Overfull \vbox (9.15524pt too high) has occurred while \output is active []


Underfull \hbox (badness 10000) has occurred while \output is active

 []


Overfull \hbox (4.86667pt too wide) has occurred while \output is active
 $[]$ 
 []

[127]
Underfull \hbox (badness 10000) in paragraph at lines 1404--1405

 []


Underfull \hbox (badness 10000) in paragraph at lines 1440--1440

 []


Overfull \hbox (4.86667pt too wide) detected at line 1440
 $[]$ 
 []


Overfull \vbox (9.15524pt too high) detected at line 1440
 []


Underfull \hbox (badness 10000) in paragraph at lines 1440--1440

 []


Overfull \hbox (4.86667pt too wide) detected at line 1440
 $[]$ 
 []

[128]
Underfull \vbox (badness 10000) detected at line 1493
 []


Underfull \hbox (badness 10000) in paragraph at lines 1493--1493

 []


Overfull \hbox (4.86667pt too wide) detected at line 1493
 $[]$ 
 []


Overfull \vbox (9.15524pt too high) detected at line 1493
 []


Underfull \hbox (badness 10000) in paragraph at lines 1493--1493

 []


Overfull \hbox (4.86667pt too wide) detected at line 1493
 $[]$ 
 []

[129]
Underfull \vbox (badness 10000) detected at line 1546
 []


Underfull \hbox (badness 10000) in paragraph at lines 1546--1546

 []


Overfull \hbox (4.86667pt too wide) detected at line 1546
 $[]$ 
 []


Overfull \vbox (9.15524pt too high) detected at line 1546
 []


Underfull \hbox (badness 10000) in paragraph at lines 1546--1546

 []


Overfull \hbox (4.86667pt too wide) detected at line 1546
 $[]$ 
 []

[130]
Underfull \hbox (badness 10000) has occurred while \output is active

 []


Overfull \hbox (4.86667pt too wide) has occurred while \output is active
 $[]$ 
 []


Overfull \vbox (9.15524pt too high) has occurred while \output is active []


Underfull \hbox (badness 10000) has occurred while \output is active

 []


Overfull \hbox (4.86667pt too wide) has occurred while \output is active
 $[]$ 
 []

[131]
Underfull \vbox (badness 4686) detected at line 1630
 []


Underfull \hbox (badness 10000) in paragraph at lines 1630--1630

 []


Overfull \hbox (4.86667pt too wide) detected at line 1630
 $[]$ 
 []


Overfull \vbox (9.15524pt too high) detected at line 1630
 []


Underfull \hbox (badness 10000) in paragraph at lines 1630--1630

 []


Overfull \hbox (4.86667pt too wide) detected at line 1630
 $[]$ 
 []

[132])
Underfull \hbox (badness 10000) has occurred while \output is active

 []


Overfull \hbox (4.86667pt too wide) has occurred while \output is active
 $[]$ 
 []


Overfull \vbox (9.15524pt too high) has occurred while \output is active []


Underfull \hbox (badness 10000) has occurred while \output is active

 []


Overfull \hbox (4.86667pt too wide) has occurred while \output is active
 $[]$ 
 []

[133]
\openout2 = `pruebas.aux'.

 (./pruebas.tex [134


]
Cap\'{\i }tulo 7.
(./memoria.mtc7) [135


]
Underfull \hbox (badness 10000) has occurred while \output is active

 []


Overfull \hbox (4.86667pt too wide) has occurred while \output is active
 $[]$ 
 []


Overfull \vbox (9.15524pt too high) has occurred while \output is active []


Underfull \hbox (badness 10000) has occurred while \output is active

 []


Overfull \hbox (4.86667pt too wide) has occurred while \output is active
 $[]$ 
 []

[136]
Underfull \hbox (badness 10000) has occurred while \output is active

 []


Overfull \hbox (4.86667pt too wide) has occurred while \output is active
 $[]$ 
 []


Overfull \vbox (9.15524pt too high) has occurred while \output is active []


Underfull \hbox (badness 10000) has occurred while \output is active

 []


Overfull \hbox (4.86667pt too wide) has occurred while \output is active
 $[]$ 
 []

[137]
Underfull \hbox (badness 10000) has occurred while \output is active

 []


Overfull \hbox (4.86667pt too wide) has occurred while \output is active
 $[]$ 
 []


Overfull \vbox (9.15524pt too high) has occurred while \output is active []


Underfull \hbox (badness 10000) has occurred while \output is active

 []


Overfull \hbox (4.86667pt too wide) has occurred while \output is active
 $[]$ 
 []

[138])
Underfull \hbox (badness 10000) has occurred while \output is active

 []


Overfull \hbox (4.86667pt too wide) has occurred while \output is active
 $[]$ 
 []


Overfull \vbox (9.15524pt too high) has occurred while \output is active []


Underfull \hbox (badness 10000) has occurred while \output is active

 []


Overfull \hbox (4.86667pt too wide) has occurred while \output is active
 $[]$ 
 []

[139]
\openout2 = `conclusiones.aux'.

 (./conclusiones.tex [140


]
Cap\'{\i }tulo 8.
(./memoria.mtc8) [141


]
Underfull \hbox (badness 10000) has occurred while \output is active

 []


Overfull \hbox (4.86667pt too wide) has occurred while \output is active
 $[]$ 
 []


Overfull \vbox (9.15524pt too high) has occurred while \output is active []


Underfull \hbox (badness 10000) has occurred while \output is active

 []


Overfull \hbox (4.86667pt too wide) has occurred while \output is active
 $[]$ 
 []

[142]
Underfull \hbox (badness 10000) has occurred while \output is active

 []


Overfull \hbox (4.86667pt too wide) has occurred while \output is active
 $[]$ 
 []


Overfull \vbox (9.15524pt too high) has occurred while \output is active []


Underfull \hbox (badness 10000) has occurred while \output is active

 []


Overfull \hbox (4.86667pt too wide) has occurred while \output is active
 $[]$ 
 []

[143]
Underfull \hbox (badness 10000) has occurred while \output is active

 []


Overfull \hbox (4.86667pt too wide) has occurred while \output is active
 $[]$ 
 []


Overfull \vbox (9.15524pt too high) has occurred while \output is active []


Underfull \hbox (badness 10000) has occurred while \output is active

 []


Overfull \hbox (4.86667pt too wide) has occurred while \output is active
 $[]$ 
 []

[144]
Underfull \hbox (badness 10000) in paragraph at lines 79--80

 []


Underfull \hbox (badness 10000) in paragraph at lines 81--82

 []


Underfull \hbox (badness 10000) has occurred while \output is active

 []


Overfull \hbox (4.86667pt too wide) has occurred while \output is active
 $[]$ 
 []


Overfull \vbox (9.15524pt too high) has occurred while \output is active []


Underfull \hbox (badness 10000) has occurred while \output is active

 []


Overfull \hbox (4.86667pt too wide) has occurred while \output is active
 $[]$ 
 []

[145]
Underfull \hbox (badness 10000) in paragraph at lines 83--84

 []


Underfull \hbox (badness 10000) in paragraph at lines 90--91

 []


Underfull \hbox (badness 10000) has occurred while \output is active

 []


Overfull \hbox (4.86667pt too wide) has occurred while \output is active
 $[]$ 
 []


Overfull \vbox (9.15524pt too high) has occurred while \output is active []


Underfull \hbox (badness 10000) has occurred while \output is active

 []


Overfull \hbox (4.86667pt too wide) has occurred while \output is active
 $[]$ 
 []

[146]
Underfull \hbox (badness 10000) in paragraph at lines 107--108

 []


Underfull \hbox (badness 10000) in paragraph at lines 109--110

 []


Underfull \hbox (badness 10000) in paragraph at lines 111--112

 []


Underfull \hbox (badness 10000) has occurred while \output is active

 []


Overfull \hbox (4.86667pt too wide) has occurred while \output is active
 $[]$ 
 []


Overfull \vbox (9.15524pt too high) has occurred while \output is active []


Underfull \hbox (badness 10000) has occurred while \output is active

 []


Overfull \hbox (4.86667pt too wide) has occurred while \output is active
 $[]$ 
 []

[147]
Underfull \hbox (badness 10000) in paragraph at lines 113--114

 []


Underfull \hbox (badness 10000) in paragraph at lines 115--116

 []


Overfull \hbox (2.67854pt too wide) in paragraph at lines 117--118
[]\OT1/cmr/m/n/10.95 Pronto habr^^Sa m^^Sas in-for-ma-ci^^Son en la p^^Sagi-na 
web ofi-cial del pro-yec-to: \OT1/cmr/m/it/10.95 http://asubio.sf.net 
 []

)
Underfull \hbox (badness 10000) has occurred while \output is active

 []


Overfull \hbox (4.86667pt too wide) has occurred while \output is active
 $[]$ 
 []


Overfull \vbox (9.15524pt too high) has occurred while \output is active []


Underfull \hbox (badness 10000) has occurred while \output is active

 []


Overfull \hbox (4.86667pt too wide) has occurred while \output is active
 $[]$ 
 []

[148] (./memoria.bbl
Underfull \hbox (badness 10000) in paragraph at lines 19--22
[]\OT1/cmr/m/n/10.95 M. Hand-ley and V. Ja-cob-son.  Sdp: Ses-sion des-crip-tio
n pro-to-col.
 []

[149


])
Underfull \hbox (badness 10000) has occurred while \output is active

 []


Overfull \hbox (4.86667pt too wide) has occurred while \output is active
 $[]$ 
 []


Overfull \vbox (9.15524pt too high) has occurred while \output is active []


Underfull \hbox (badness 10000) has occurred while \output is active

 []


Overfull \hbox (4.86667pt too wide) has occurred while \output is active
 $[]$ 
 []

[150] (./memoria.aux (./portada.aux) (./entrega.aux) (./dedicatoria.aux)
(./agradecimientos.aux) (./resumen.aux) (./introduccion.aux)
(./plan_proyecto.aux) (./analisis_tecnologico.aux) (./analisis_requisitos.aux)
(./diseno.aux) (./implementacion.aux) (./pruebas.aux) (./conclusiones.aux)) ) 
Here is how much of TeX's memory you used:
 6718 strings out of 95843
 87627 string characters out of 1195842
 161618 words of memory out of 1000001
 9395 multiletter control sequences out of 10000+50000
 20638 words of font info for 82 fonts, out of 500000 for 1000
 14 hyphenation exceptions out of 1000
 34i,12n,59p,1801b,1340s stack positions out of 1500i,500n,5000p,200000b,5000s

Output written on memoria.dvi (163 pages, 1042360 bytes).
