This is TeX, Version 3.14159 (Web2C 7.4.5) (format=latex 2003.4.9)  19 JUN 2003 08:46
**sonido.tex
(./sonido.tex
LaTeX2e <2001/06/01>
Babel <v3.7h> and hyphenation patterns for american, french, german, ngerman, s
panish, nohyphenation, loaded.
(/usr/share/texmf/tex/latex/base/article.cls
Document Class: article 2001/04/21 v1.4e Standard LaTeX document class
(/usr/share/texmf/tex/latex/base/size12.clo
File: size12.clo 2001/04/21 v1.4e Standard LaTeX file (size option)
)
\c@part=\count79
\c@section=\count80
\c@subsection=\count81
\c@subsubsection=\count82
\c@paragraph=\count83
\c@subparagraph=\count84
\c@figure=\count85
\c@table=\count86
\abovecaptionskip=\skip41
\belowcaptionskip=\skip42
\bibindent=\dimen102
)
(/usr/share/texmf/tex/latex/graphics/epsfig.sty
Package: epsfig 1999/02/16 v1.7a (e)psfig emulation (SPQR)

(/usr/share/texmf/tex/latex/graphics/graphicx.sty
Package: graphicx 1999/02/16 v1.0f Enhanced LaTeX Graphics (DPC,SPQR)

(/usr/share/texmf/tex/latex/graphics/keyval.sty
Package: keyval 1999/03/16 v1.13 key=value parser (DPC)
\KV@toks@=\toks14
)
(/usr/share/texmf/tex/latex/graphics/graphics.sty
Package: graphics 2001/07/07 v1.0n Standard LaTeX Graphics (DPC,SPQR)

(/usr/share/texmf/tex/latex/graphics/trig.sty
Package: trig 1999/03/16 v1.09 sin cos tan (DPC)
)
(/usr/share/texmf/tex/latex/config/graphics.cfg
File: graphics.cfg 2001/08/31 v1.1 graphics configuration of teTeX/TeXLive
)
Package graphics Info: Driver file: dvips.def on input line 80.

(/usr/share/texmf/tex/latex/graphics/dvips.def
File: dvips.def 1999/02/16 v3.0i Driver-dependant file (DPC,SPQR)
))
\Gin@req@height=\dimen103
\Gin@req@width=\dimen104
)
\epsfxsize=\dimen105
\epsfysize=\dimen106
)
(/usr/share/texmf/tex/generic/babel/babel.sty
Package: babel 2001/03/01 v3.7h The Babel package

(/usr/share/texmf/tex/generic/babel/spanish.ldf
Language: spanish.ldf 2001/01/30 v4.1c Spanish support from the babel system

(/usr/share/texmf/tex/generic/babel/babel.def
File: babel.def 2001/03/01 v3.7h Babel common definitions
\babel@savecnt=\count87
\U@D=\dimen107
)
\es@quottoks=\toks15
\es@quotdepth=\count88
Package babel Info: Making . an active character on input line 464.
Package babel Info: Making " an active character on input line 495.
Package babel Info: Making < an active character on input line 581.
Package babel Info: Making > an active character on input line 582.
Package babel Info: Making ' an active character on input line 630.
))

! LaTeX Error: Option clash for package graphicx.

See the LaTeX manual or LaTeX Companion for explanation.
Type  H <return>  for immediate help.
 ...                                              
                                                  
l.5 \usepackage
               [latin1]{inputenc}
The package graphicx has already been loaded with options:
  []
There has now been an attempt to load it with options
  [dvips]
Adding the global options:
  ,dvips
to your \documentclass declaration may fix this.
Try typing  <return>  to proceed.

(/usr/share/texmf/tex/latex/base/inputenc.sty
Package: inputenc 2001/07/10 v0.99a Input encoding file 

(/usr/share/texmf/tex/latex/base/latin1.def
File: latin1.def 2001/07/10 v0.99a Input encoding file 
)) (./sonido.aux

LaTeX Warning: Label `fig:vibracion_fluido' multiply defined.


LaTeX Warning: Label `fig:vibracion_fluido' multiply defined.

)
\openout1 = `sonido.aux'.

LaTeX Font Info:    Checking defaults for OML/cmm/m/it on input line 6.
LaTeX Font Info:    ... okay on input line 6.
LaTeX Font Info:    Checking defaults for T1/cmr/m/n on input line 6.
LaTeX Font Info:    ... okay on input line 6.
LaTeX Font Info:    Checking defaults for OT1/cmr/m/n on input line 6.
LaTeX Font Info:    ... okay on input line 6.
LaTeX Font Info:    Checking defaults for OMS/cmsy/m/n on input line 6.
LaTeX Font Info:    ... okay on input line 6.
LaTeX Font Info:    Checking defaults for OMX/cmex/m/n on input line 6.
LaTeX Font Info:    ... okay on input line 6.
LaTeX Font Info:    Checking defaults for U/cmr/m/n on input line 6.
LaTeX Font Info:    ... okay on input line 6.

Underfull \hbox (badness 10000) in paragraph at lines 10--17

 []

File: imagenes/fig_01.eps Graphic file (type eps)
<imagenes/fig_01.eps>

LaTeX Warning: Reference `fig:forma_onda' on page 1 undefined on input line 45.


File: imagenes/fig_01.eps Graphic file (type eps)
<imagenes/fig_01.eps>
Underfull \hbox (badness 10000) in paragraph at lines 23--52

 []


Underfull \hbox (badness 10000) in paragraph at lines 23--52

 []

LaTeX Font Info:    External font `cmex10' loaded for size
(Font)              <12> on input line 53.
LaTeX Font Info:    External font `cmex10' loaded for size
(Font)              <8> on input line 53.
LaTeX Font Info:    External font `cmex10' loaded for size
(Font)              <6> on input line 53.

Underfull \hbox (badness 10000) in paragraph at lines 53--64

 []

[1

] [2]
Underfull \hbox (badness 10000) in paragraph at lines 67--71

 []

[3]
Underfull \hbox (badness 10000) in paragraph at lines 73--77

 []


Underfull \hbox (badness 10000) in paragraph at lines 79--85

 []


Underfull \hbox (badness 10000) in paragraph at lines 87--92

 []


Underfull \hbox (badness 10000) in paragraph at lines 87--92

 []


LaTeX Warning: Reference `eq:1_decibelios' on page 4 undefined on input line 96
.


Underfull \hbox (badness 10000) in paragraph at lines 94--98

 []


LaTeX Warning: Reference `fig:dB_sources' on page 4 undefined on input line 103
.

File: imagenes/fig_01.eps Graphic file (type eps)
<imagenes/fig_01.eps> [4]

LaTeX Warning: Command \' invalid in math mode on input line 115.

! Please use \mathaccent for accents in math mode.
\add@accent ...@spacefactor \spacefactor }\accent 
                                                  #1 #2\egroup \spacefactor ...
l.115 Rango \: diná
                   mico\: =  20 \cdot log_{10} \left( R_{\Delta} \right) = 2...
I'm changing \accent to \mathaccent here; wish me luck.
(Accents are not the same in formulas as they are in text.)

! You can't use `\spacefactor' in display math mode.
\add@accent ...}\accent #1 #2\egroup \spacefactor 
                                                  \accent@spacefactor 
l.115 Rango \: diná
                   mico\: =  20 \cdot log_{10} \left( R_{\Delta} \right) = 2...
Sorry, but I'm not programmed to handle this case;
I'll just pretend that you didn't ask for it.
If you're in the wrong mode, you might be able to
return to the right one by typing `I}' or `I$' or `I\par'.

! You can't use `\spacefactor' in display math mode.
<argument> ...9}{a}\bbl@allowhyphens \spacefactor 
                                                  \sfcode `a 
l.115 Rango \: diná
                   mico\: =  20 \cdot log_{10} \left( R_{\Delta} \right) = 2...
Sorry, but I'm not programmed to handle this case;
I'll just pretend that you didn't ask for it.
If you're in the wrong mode, you might be able to
return to the right one by typing `I}' or `I$' or `I\par'.

! Missing number, treated as zero.
<to be read again> 
                   m
l.115 Rango \: dinám
                    ico\: =  20 \cdot log_{10} \left( R_{\Delta} \right) = 2...
A number should have been here; I inserted `0'.
(If you can't figure out why I needed to see a number,
look up `weird error' in the index to The TeXbook.)

Missing character: There is no è in font cmex10!
[5] [6] (./sonido.aux)

LaTeX Warning: There were undefined references.


LaTeX Warning: There were multiply-defined labels.

 ) 
Here is how much of TeX's memory you used:
 1147 strings out of 95843
 13484 string characters out of 1195842
 72328 words of memory out of 1000001
 4112 multiletter control sequences out of 10000+50000
 8241 words of font info for 29 fonts, out of 500000 for 1000
 14 hyphenation exceptions out of 1000
 32i,8n,25p,1054b,304s stack positions out of 1500i,500n,5000p,200000b,5000s

Output written on sonido.dvi (6 pages, 16888 bytes).
